<?xml version="1.0" encoding="UTF-8"?>
<testsuite name="ru.netology.postman.PostmanTest" tests="1" skipped="0" failures="0" errors="0" timestamp="2020-10-20T10:51:06" hostname="JULIA" time="5.733">
  <properties/>
  <testcase name="shouldPostData()" classname="ru.netology.postman.PostmanTest" time="5.733"/>
  <system-out><![CDATA[]]></system-out>
  <system-err><![CDATA[]]></system-err>
</testsuite>
